# JRE version: OpenJDK Runtime Environment Temurin-17.0.3+7 (17.0.3+7) (build 17.0.3+7)
# Java VM: OpenJDK 64-Bit Server VM Temurin-17.0.3+7 (17.0.3+7, mixed mode, tiered, compressed class ptrs, z gc, linux-amd64)
GC Precious Log:
 NUMA Support: Disabled
 CPUs: 8 total, 8 available
 Memory: 7864M
 Large Page Support: Disabled
 GC Workers: 2 (dynamic)
 Address Space Type: Contiguous/Unrestricted/Complete
 Address Space Size: 16384M x 3 = 49152M
 Heap Backing File: /memfd:java_heap
 Heap Backing Filesystem: tmpfs (0x1021994)
 Min Capacity: 100M
 Initial Capacity: 100M
 Max Capacity: 1024M
 Medium Page Size: 32M
 Pre-touch: Disabled
 Available space on backing filesystem: N/A
 Uncommit: Enabled
 Uncommit Delay: 300s
 Runtime Workers: 5
Heap:
 ZHeap           used 78M, capacity 102M, max capacity 1024M
 Metaspace       used 45290K, committed 45568K, reserved 1089536K
  class space    used 5935K, committed 6144K, reserved 1048576K
GC Heap History (20 events):
Event: 5034.646 GC heap before
{Heap before GC invocations=100 (full 100):
 ZHeap           used 88M, capacity 106M, max capacity 1024M
 Metaspace       used 45259K, committed 45568K, reserved 1089536K
  class space    used 5935K, committed 6144K, reserved 1048576K
}
Event: 5034.676 GC heap after
{Heap after GC invocations=101 (full 101):
 ZHeap           used 66M, capacity 106M, max capacity 1024M
 Metaspace       used 45259K, committed 45568K, reserved 1089536K
  class space    used 5935K, committed 6144K, reserved 1048576K
}
Event: 5042.011 GC heap before
{Heap before GC invocations=101 (full 101):
 ZHeap           used 70M, capacity 106M, max capacity 1024M
 Metaspace       used 45259K, committed 45568K, reserved 1089536K
  class space    used 5935K, committed 6144K, reserved 1048576K
}
Event: 5042.038 GC heap after
{Heap after GC invocations=102 (full 102):
 ZHeap           used 62M, capacity 106M, max capacity 1024M
 Metaspace       used 45259K, committed 45568K, reserved 1089536K
  class space    used 5935K, committed 6144K, reserved 1048576K
}
Event: 5100.847 GC heap before
{Heap before GC invocations=102 (full 102):
 ZHeap           used 92M, capacity 104M, max capacity 1024M
 Metaspace       used 45259K, committed 45568K, reserved 1089536K
  class space    used 5935K, committed 6144K, reserved 1048576K
}
Event: 5100.882 GC heap after
{Heap after GC invocations=103 (full 103):
 ZHeap           used 62M, capacity 104M, max capacity 1024M
 Metaspace       used 45259K, committed 45568K, reserved 1089536K
  class space    used 5935K, committed 6144K, reserved 1048576K
}
Event: 5158.446 GC heap before
{Heap before GC invocations=103 (full 103):
 ZHeap           used 92M, capacity 102M, max capacity 1024M
 Metaspace       used 45261K, committed 45568K, reserved 1089536K
  class space    used 5935K, committed 6144K, reserved 1048576K
}
Event: 5158.477 GC heap after
{Heap after GC invocations=104 (full 104):
 ZHeap           used 62M, capacity 102M, max capacity 1024M
 Metaspace       used 45261K, committed 45568K, reserved 1089536K
  class space    used 5935K, committed 6144K, reserved 1048576K
}
Event: 5209.647 GC heap before
{Heap before GC invocations=104 (full 104):
 ZHeap           used 92M, capacity 100M, max capacity 1024M
 Metaspace       used 45266K, committed 45568K, reserved 1089536K
  class space    used 5935K, committed 6144K, reserved 1048576K
}
Event: 5209.670 GC heap after
{Heap after GC invocations=105 (full 105):
 ZHeap           used 66M, capacity 104M, max capacity 1024M
 Metaspace       used 45266K, committed 45568K, reserved 1089536K
  class space    used 5935K, committed 6144K, reserved 1048576K
}
Event: 5273.846 GC heap before
{Heap before GC invocations=105 (full 105):
 ZHeap           used 96M, capacity 104M, max capacity 1024M
 Metaspace       used 45266K, committed 45568K, reserved 1089536K
  class space    used 5935K, committed 6144K, reserved 1048576K
}
Event: 5273.865 GC heap after
{Heap after GC invocations=106 (full 106):
 ZHeap           used 60M, capacity 104M, max capacity 1024M
 Metaspace       used 45266K, committed 45568K, reserved 1089536K
  class space    used 5935K, committed 6144K, reserved 1048576K
}
Event: 5324.346 GC heap before
{Heap before GC invocations=106 (full 106):
 ZHeap           used 90M, capacity 104M, max capacity 1024M
 Metaspace       used 45266K, committed 45568K, reserved 1089536K
  class space    used 5935K, committed 6144K, reserved 1048576K
}
Event: 5324.374 GC heap after
{Heap after GC invocations=107 (full 107):
 ZHeap           used 66M, capacity 104M, max capacity 1024M
 Metaspace       used 45266K, committed 45568K, reserved 1089536K
  class space    used 5935K, committed 6144K, reserved 1048576K
}
Event: 5395.547 GC heap before
{Heap before GC invocations=107 (full 107):
 ZHeap           used 96M, capacity 104M, max capacity 1024M
 Metaspace       used 45266K, committed 45568K, reserved 1089536K
  class space    used 5935K, committed 6144K, reserved 1048576K
}
Event: 5395.572 GC heap after
{Heap after GC invocations=108 (full 108):
 ZHeap           used 60M, capacity 104M, max capacity 1024M
 Metaspace       used 45266K, committed 45568K, reserved 1089536K
  class space    used 5935K, committed 6144K, reserved 1048576K
}
Event: 5448.447 GC heap before
{Heap before GC invocations=108 (full 108):
 ZHeap           used 90M, capacity 104M, max capacity 1024M
 Metaspace       used 45266K, committed 45568K, reserved 1089536K
  class space    used 5935K, committed 6144K, reserved 1048576K
}
Event: 5448.470 GC heap after
{Heap after GC invocations=109 (full 109):
 ZHeap           used 60M, capacity 104M, max capacity 1024M
 Metaspace       used 45266K, committed 45568K, reserved 1089536K
  class space    used 5935K, committed 6144K, reserved 1048576K
}
Event: 5501.646 GC heap before
{Heap before GC invocations=109 (full 109):
 ZHeap           used 90M, capacity 104M, max capacity 1024M
 Metaspace       used 45266K, committed 45568K, reserved 1089536K
  class space    used 5935K, committed 6144K, reserved 1048576K
}
Event: 5501.666 GC heap after
{Heap after GC invocations=110 (full 110):
 ZHeap           used 64M, capacity 104M, max capacity 1024M
 Metaspace       used 45266K, committed 45568K, reserved 1089536K
  class space    used 5935K, committed 6144K, reserved 1048576K
}

